This is pdfTeX, Version 3.141592653-2.6-1.40.22 (TeX Live 2021) (preloaded format=pdflatex 2022.5.18)  18 MAY 2022 13:37
entering extended mode
 restricted \write18 enabled.
 file:line:error style messages enabled.
 %&-line parsing enabled.
**/home/benone/Projetos/curriculum-vitae/resume_cv.tex
(/home/benone/Projetos/curriculum-vitae/resume_cv.tex
LaTeX2e <2020-10-01> patch level 4
L3 programming layer <2021-05-07> (/home/benone/Projetos/curriculum-vitae/awesome-cv.cls
Document Class: awesome-cv 2017/02/05 v1.6.1 Awesome Curriculum Vitae Class
(/usr/share/texlive/texmf-dist/tex/latex/base/article.cls
Document Class: article 2020/04/10 v1.4m Standard LaTeX document class
(/usr/share/texlive/texmf-dist/tex/latex/base/size11.clo
File: size11.clo 2020/04/10 v1.4m Standard LaTeX file (size option)
)
\c@part=\count179
\c@section=\count180
\c@subsection=\count181
\c@subsubsection=\count182
\c@paragraph=\count183
\c@subparagraph=\count184
\c@figure=\count185
\c@table=\count186
\abovecaptionskip=\skip47
\belowcaptionskip=\skip48
\bibindent=\dimen138
) (/usr/share/texlive/texmf-dist/tex/latex/tools/array.sty
Package: array 2020/10/01 v2.5c Tabular extension package (FMi)
\col@sep=\dimen139
\ar@mcellbox=\box47
\extrarowheight=\dimen140
\NC@list=\toks15
\extratabsurround=\skip49
\backup@length=\skip50
\ar@cellbox=\box48
) (/usr/share/texlive/texmf-dist/tex/latex/enumitem/enumitem.sty
Package: enumitem 2019/06/20 v3.9 Customized lists
\enitkv@toks@=\toks16
\labelindent=\skip51
\enit@outerparindent=\dimen141
\enit@toks=\toks17
\enit@inbox=\box49
\enit@count@id=\count187
\enitdp@description=\count188
) (/usr/share/texlive/texmf-dist/tex/latex/ragged2e/ragged2e.sty
Package: ragged2e 2021/02/05 v3.0 ragged2e Package


! LaTeX Error: File `everysel.sty' not found.

Type X to quit or <RETURN> to proceed,
or enter new name. (Default extension: sty)

Enter file name: 
/usr/share/texlive/texmf-dist/tex/latex/ragged2e/ragged2e.sty:123: Emergency stop.
<read *> 
         
l.123 \if@raggedtwoe@footmisc
                             ^^M
*** (cannot \read from terminal in nonstop modes)

 
Here is how much of TeX's memory you used:
 646 strings out of 480828
 9894 string characters out of 5906038
 294269 words of memory out of 6000000
 18069 multiletter control sequences out of 15000+600000
 403730 words of font info for 28 fonts, out of 8000000 for 9000
 16 hyphenation exceptions out of 8191
 49i,0n,55p,175b,36s stack positions out of 5000i,500n,10000p,200000b,80000s
/usr/share/texlive/texmf-dist/tex/latex/ragged2e/ragged2e.sty:123:  ==> Fatal error occurred, no output PDF file produced!
